<?xml version="1.0" encoding="UTF-8"?>
<!-- Generated by org.testng.reporters.JUnitReportReporter -->
<testsuite skipped="1" hostname="Hosur-HP" name="com.app.orangeHRM.testscripts.AccessRecord_Test" tests="2" failures="0" timestamp="2021-01-12T01:41:01 IST" time="5.562" errors="1">
  <testcase name="testAccessRecords" time="0.000" classname="com.app.orangeHRM.testscripts.AccessRecord_Test">
    <skipped/>
  </testcase> <!-- testAccessRecords -->
  <system-out/>
  <testcase name="openApp" time="5.562" classname="com.app.orangeHRM.testscripts.AccessRecord_Test">
    <error type="org.openqa.selenium.SessionNotCreatedException" message="session not created: This version of ChromeDriver only supports Chrome version 85
Build info: version: &#039;3.141.59&#039;, revision: &#039;e82be7d358&#039;, time: &#039;2018-11-14T08:17:03&#039;
System info: host: &#039;HOSUR-HP&#039;, ip: &#039;192.168.2.7&#039;, os.name: &#039;Windows 7&#039;, os.arch: &#039;amd64&#039;, os.version: &#039;6.1&#039;, java.version: &#039;1.8.0_251&#039;
Driver info: driver.version: ChromeDriver
remote stacktrace: Backtrace:
	Ordinal0 [0x0058D343+3134275]
	Ordinal0 [0x0047A131+2007345]
	Ordinal0 [0x0031AEC8+569032]
	Ordinal0 [0x002A139F+70559]
	Ordinal0 [0x0029CC63+52323]
	Ordinal0 [0x002C0DFC+200188]
	Ordinal0 [0x002C0C1D+199709]
	Ordinal0 [0x002BEB0B+191243]
	Ordinal0 [0x002A2E77+77431]
	Ordinal0 [0x002A3E3E+81470]
	Ordinal0 [0x002A3DC9+81353]
	Ordinal0 [0x00490C99+2100377]
	GetHandleVerifier [0x006FB71A+1396954]
	GetHandleVerifier [0x006FB399+1396057]
	GetHandleVerifier [0x007070E6+1444518]
	GetHandleVerifier [0x006FBCA8+1398376]
	Ordinal0 [0x00487F11+2064145]
	Ordinal0 [0x004922AB+2106027]
	Ordinal0 [0x004923D1+2106321]
	Ordinal0 [0x004A4984+2181508]
	BaseThreadInitThunk [0x753433CA+18]
	RtlInitializeExceptionChain [0x770C9ED2+99]
	RtlInitializeExceptionChain [0x770C9EA5+54]
">
      <![CDATA[org.openqa.selenium.SessionNotCreatedException: session not created: This version of ChromeDriver only supports Chrome version 85
Build info: version: '3.141.59', revision: 'e82be7d358', time: '2018-11-14T08:17:03'
System info: host: 'HOSUR-HP', ip: '192.168.2.7', os.name: 'Windows 7', os.arch: 'amd64', os.version: '6.1', java.version: '1.8.0_251'
Driver info: driver.version: ChromeDriver
remote stacktrace: Backtrace:
Ordinal0 [0x0058D343+3134275]
Ordinal0 [0x0047A131+2007345]
Ordinal0 [0x0031AEC8+569032]
Ordinal0 [0x002A139F+70559]
Ordinal0 [0x0029CC63+52323]
Ordinal0 [0x002C0DFC+200188]
Ordinal0 [0x002C0C1D+199709]
Ordinal0 [0x002BEB0B+191243]
Ordinal0 [0x002A2E77+77431]
Ordinal0 [0x002A3E3E+81470]
Ordinal0 [0x002A3DC9+81353]
Ordinal0 [0x00490C99+2100377]
GetHandleVerifier [0x006FB71A+1396954]
GetHandleVerifier [0x006FB399+1396057]
GetHandleVerifier [0x007070E6+1444518]
GetHandleVerifier [0x006FBCA8+1398376]
Ordinal0 [0x00487F11+2064145]
Ordinal0 [0x004922AB+2106027]
Ordinal0 [0x004923D1+2106321]
Ordinal0 [0x004A4984+2181508]
BaseThreadInitThunk [0x753433CA+18]
RtlInitializeExceptionChain [0x770C9ED2+99]
RtlInitializeExceptionChain [0x770C9EA5+54]

at sun.reflect.NativeConstructorAccessorImpl.newInstance0(Native Method)
at sun.reflect.NativeConstructorAccessorImpl.newInstance(Unknown Source)
at sun.reflect.DelegatingConstructorAccessorImpl.newInstance(Unknown Source)
at java.lang.reflect.Constructor.newInstance(Unknown Source)
at org.openqa.selenium.remote.W3CHandshakeResponse.lambda$errorHandler$0(W3CHandshakeResponse.java:62)
at org.openqa.selenium.remote.HandshakeResponse.lambda$getResponseFunction$0(HandshakeResponse.java:30)
at org.openqa.selenium.remote.ProtocolHandshake.lambda$createSession$0(ProtocolHandshake.java:126)
at java.util.stream.ReferencePipeline$3$1.accept(Unknown Source)
at java.util.Spliterators$ArraySpliterator.tryAdvance(Unknown Source)
at java.util.stream.ReferencePipeline.forEachWithCancel(Unknown Source)
at java.util.stream.AbstractPipeline.copyIntoWithCancel(Unknown Source)
at java.util.stream.AbstractPipeline.copyInto(Unknown Source)
at java.util.stream.AbstractPipeline.wrapAndCopyInto(Unknown Source)
at java.util.stream.FindOps$FindOp.evaluateSequential(Unknown Source)
at java.util.stream.AbstractPipeline.evaluate(Unknown Source)
at java.util.stream.ReferencePipeline.findFirst(Unknown Source)
at org.openqa.selenium.remote.ProtocolHandshake.createSession(ProtocolHandshake.java:128)
at org.openqa.selenium.remote.ProtocolHandshake.createSession(ProtocolHandshake.java:74)
at org.openqa.selenium.remote.HttpCommandExecutor.execute(HttpCommandExecutor.java:136)
at org.openqa.selenium.remote.service.DriverCommandExecutor.execute(DriverCommandExecutor.java:83)
at org.openqa.selenium.remote.RemoteWebDriver.execute(RemoteWebDriver.java:552)
at org.openqa.selenium.remote.RemoteWebDriver.startSession(RemoteWebDriver.java:213)
at org.openqa.selenium.remote.RemoteWebDriver.<init>(RemoteWebDriver.java:131)
at org.openqa.selenium.chrome.ChromeDriver.<init>(ChromeDriver.java:181)
at org.openqa.selenium.chrome.ChromeDriver.<init>(ChromeDriver.java:168)
at org.openqa.selenium.chrome.ChromeDriver.<init>(ChromeDriver.java:123)
at com.app.orangeHRM.generics.AutoLib.getdriver(AutoLib.java:61)
at com.app.orangeHRM.generics.BaseTest.openApp(BaseTest.java:41)
at sun.reflect.NativeMethodAccessorImpl.invoke0(Native Method)
at sun.reflect.NativeMethodAccessorImpl.invoke(Unknown Source)
at sun.reflect.DelegatingMethodAccessorImpl.invoke(Unknown Source)
at java.lang.reflect.Method.invoke(Unknown Source)
at org.testng.internal.MethodInvocationHelper.invokeMethod(MethodInvocationHelper.java:132)
at org.testng.internal.MethodInvocationHelper.invokeMethodConsideringTimeout(MethodInvocationHelper.java:61)
at org.testng.internal.ConfigInvoker.invokeConfigurationMethod(ConfigInvoker.java:366)
at org.testng.internal.ConfigInvoker.invokeConfigurations(ConfigInvoker.java:320)
at org.testng.internal.TestInvoker.runConfigMethods(TestInvoker.java:701)
at org.testng.internal.TestInvoker.invokeMethod(TestInvoker.java:527)
at org.testng.internal.TestInvoker.invokeTestMethod(TestInvoker.java:174)
at org.testng.internal.MethodRunner.runInSequence(MethodRunner.java:46)
at org.testng.internal.TestInvoker$MethodInvocationAgent.invoke(TestInvoker.java:822)
at org.testng.internal.TestInvoker.invokeTestMethods(TestInvoker.java:147)
at org.testng.internal.TestMethodWorker.invokeTestMethods(TestMethodWorker.java:146)
at org.testng.internal.TestMethodWorker.run(TestMethodWorker.java:128)
at java.util.ArrayList.forEach(Unknown Source)
at org.testng.TestRunner.privateRun(TestRunner.java:764)
at org.testng.TestRunner.run(TestRunner.java:585)
at org.testng.SuiteRunner.runTest(SuiteRunner.java:384)
at org.testng.SuiteRunner.runSequentially(SuiteRunner.java:378)
at org.testng.SuiteRunner.privateRun(SuiteRunner.java:337)
at org.testng.SuiteRunner.run(SuiteRunner.java:286)
at org.testng.SuiteRunnerWorker.runSuite(SuiteRunnerWorker.java:53)
at org.testng.SuiteRunnerWorker.run(SuiteRunnerWorker.java:96)
at org.testng.TestNG.runSuitesSequentially(TestNG.java:1218)
at org.testng.TestNG.runSuitesLocally(TestNG.java:1140)
at org.testng.TestNG.runSuites(TestNG.java:1069)
at org.testng.TestNG.run(TestNG.java:1037)
at org.testng.remote.AbstractRemoteTestNG.run(AbstractRemoteTestNG.java:115)
at org.testng.remote.RemoteTestNG.initAndRun(RemoteTestNG.java:251)
at org.testng.remote.RemoteTestNG.main(RemoteTestNG.java:77)
]]>
    </error>
  </testcase> <!-- openApp -->
  <system-out/>
</testsuite> <!-- com.app.orangeHRM.testscripts.AccessRecord_Test -->
